<?xml version="1.0" encoding="UTF-8"?>
<!-- Generated by org.testng.reporters.JUnitReportReporter -->
<testsuite hostname="DESKTOP-BBKAIS2" failures="0" tests="1" name="com.test.test_1" time="14.593" errors="0" timestamp="2022-07-27T00:05:14 IST" skipped="0">
  <testcase classname="com.test.test_1" name="test_001" time="14.593"/>
  <system-out/>
</testsuite> <!-- com.test.test_1 -->
